<?xml version="1.0" encoding="UTF-8"?>
<TestRun id="a41e6478-16ca-41e9-9f04-c9fcc430c8ea" name="ETU_2@ETU-HP 2018-05-19 23:49:21" runUser="ETU-HP\ETU_2" xmlns="http://microsoft.com/schemas/VisualStudio/TeamTest/2010">
  <Times creation="2018-05-19T23:49:21.0697057+10:00" queuing="2018-05-19T23:49:21.0737060+10:00" start="2018-05-19T23:49:21.0927070+10:00" finish="2018-05-19T23:50:43.7454345+10:00" />
  <TestSettings name="default" id="d00fac86-4a22-4ae5-8723-b4ce4ee3f6a9">
    <Execution>
      <TestTypeSpecific />
    </Execution>
    <Deployment runDeploymentRoot="ETU_2_ETU-HP 2018-05-19 23_49_21" />
    <Properties />
  </TestSettings>
  <Results>
    <UnitTestResult executionId="dc51a386-9827-4c6d-901d-5405c9aa07c9" testId="cd48555f-d05a-bcf5-3ed3-3acd27b75759" testName="VerifyPublicAPI" computerName="ETU-HP" duration="00:00:04.7854764" startTime="2018-05-19T23:49:11.3281485+10:00" endTime="2018-05-19T23:49:18.1335378+10:00" testType="13cdc9d9-ddb5-4fa4-a97d-d965ccfc6d4b" outcome="Passed" testListId="8c84fa94-04c1-424b-9868-57a2d4851a1d" relativeResultsDirectory="dc51a386-9827-4c6d-901d-5405c9aa07c9">
      <Output>
        <StdOut>-&gt; Using app.config
Given I request the public API
log4net: Configuration update mode [Merge].
log4net: Logger [root] Level string is [DEBUG].
log4net: Logger [root] level set to [name="DEBUG",value=30000].
log4net: Loading Appender [RollingLogFileAppender] type: [log4net.Appender.RollingFileAppender]
log4net: Setting Property [File] to String value [TestLog.log]
log4net: Setting Property [AppendToFile] to Boolean value [True]
log4net: Setting Property [RollingStyle] to RollingMode value [Size]
log4net: Setting Property [MaxSizeRollBackups] to Int32 value [10]
log4net: Setting Property [MaximumFileSize] to String value [10MB]
log4net: Setting Property [StaticLogFileName] to Boolean value [True]
log4net: Converter [message] Option [] Format [min=-1,max=2147483647,leftAlign=False]
log4net: Converter [newline] Option [] Format [min=-1,max=2147483647,leftAlign=False]
log4net: Setting Property [ConversionPattern] to String value [%-5p %d %5rms %-22.22c{1} %-18.18M - %m%n]
log4net: Converter [p] Option [] Format [min=5,max=2147483647,leftAlign=True]
log4net: Converter [literal] Option [ ] Format [min=-1,max=2147483647,leftAlign=False]
log4net: Converter [d] Option [] Format [min=-1,max=2147483647,leftAlign=False]
log4net: Converter [literal] Option [ ] Format [min=-1,max=2147483647,leftAlign=False]
log4net: Converter [r] Option [] Format [min=5,max=2147483647,leftAlign=False]
log4net: Converter [literal] Option [ms ] Format [min=-1,max=2147483647,leftAlign=False]
log4net: Converter [c] Option [1] Format [min=22,max=22,leftAlign=True]
log4net: Converter [literal] Option [ ] Format [min=-1,max=2147483647,leftAlign=False]
log4net: Converter [M] Option [] Format [min=18,max=18,leftAlign=True]
log4net: Converter [literal] Option [ - ] Format [min=-1,max=2147483647,leftAlign=False]
log4net: Converter [m] Option [] Format [min=-1,max=2147483647,leftAlign=False]
log4net: Converter [n] Option [] Format [min=-1,max=2147483647,leftAlign=False]
log4net: Setting Property [Layout] to object [log4net.Layout.PatternLayout]
log4net: Searched for existing files in [C:\Users\ETU_2\Desktop\Automation\AutomationTest\Selenium.Tests\bin\Debug]
log4net: curSizeRollBackups starts at [0]
log4net: Opening file for writing [C:\Users\ETU_2\Desktop\Automation\AutomationTest\Selenium.Tests\bin\Debug\TestLog.log] append [True]
log4net: Created Appender [RollingLogFileAppender]
log4net: Adding appender named [RollingLogFileAppender] to logger [root].
log4net: Retrieving an instance of log4net.Repository.Logger for logger [TestLog].
log4net: Setting [TestLog] additivity to [True].
log4net: Logger [TestLog] Level string is [DEBUG].
log4net: Logger [TestLog] level set to [name="DEBUG",value=30000].
log4net: Hierarchy Threshold []
-&gt; done: Steps.GivenIFetchPublicAPI() (3.8s)
When I compare the results
-&gt; done: Steps.WhenICompareAPIResults() (0.2s)
Then they should be as expected
-&gt; done: Steps.ThenAPIResultsShouldBeAsExpected() (0.0s)



Debug Trace:
log4net: Configuration update mode [Merge].
log4net: Logger [root] Level string is [DEBUG].
log4net: Logger [root] level set to [name="DEBUG",value=30000].
log4net: Loading Appender [RollingLogFileAppender] type: [log4net.Appender.RollingFileAppender]
log4net: Setting Property [File] to String value [TestLog.log]
log4net: Setting Property [AppendToFile] to Boolean value [True]
log4net: Setting Property [RollingStyle] to RollingMode value [Size]
log4net: Setting Property [MaxSizeRollBackups] to Int32 value [10]
log4net: Setting Property [MaximumFileSize] to String value [10MB]
log4net: Setting Property [StaticLogFileName] to Boolean value [True]
log4net: Converter [message] Option [] Format [min=-1,max=2147483647,leftAlign=False]
log4net: Converter [newline] Option [] Format [min=-1,max=2147483647,leftAlign=False]
log4net: Setting Property [ConversionPattern] to String value [%-5p %d %5rms %-22.22c{1} %-18.18M - %m%n]
log4net: Converter [p] Option [] Format [min=5,max=2147483647,leftAlign=True]
log4net: Converter [literal] Option [ ] Format [min=-1,max=2147483647,leftAlign=False]
log4net: Converter [d] Option [] Format [min=-1,max=2147483647,leftAlign=False]
log4net: Converter [literal] Option [ ] Format [min=-1,max=2147483647,leftAlign=False]
log4net: Converter [r] Option [] Format [min=5,max=2147483647,leftAlign=False]
log4net: Converter [literal] Option [ms ] Format [min=-1,max=2147483647,leftAlign=False]
log4net: Converter [c] Option [1] Format [min=22,max=22,leftAlign=True]
log4net: Converter [literal] Option [ ] Format [min=-1,max=2147483647,leftAlign=False]
log4net: Converter [M] Option [] Format [min=18,max=18,leftAlign=True]
log4net: Converter [literal] Option [ - ] Format [min=-1,max=2147483647,leftAlign=False]
log4net: Converter [m] Option [] Format [min=-1,max=2147483647,leftAlign=False]
log4net: Converter [n] Option [] Format [min=-1,max=2147483647,leftAlign=False]
log4net: Setting Property [Layout] to object [log4net.Layout.PatternLayout]
log4net: Searched for existing files in [C:\Users\ETU_2\Desktop\Automation\AutomationTest\Selenium.Tests\bin\Debug]
log4net: curSizeRollBackups starts at [0]
log4net: Opening file for writing [C:\Users\ETU_2\Desktop\Automation\AutomationTest\Selenium.Tests\bin\Debug\TestLog.log] append [True]
log4net: Created Appender [RollingLogFileAppender]
log4net: Adding appender named [RollingLogFileAppender] to logger [root].
log4net: Retrieving an instance of log4net.Repository.Logger for logger [TestLog].
log4net: Setting [TestLog] additivity to [True].
log4net: Logger [TestLog] Level string is [DEBUG].
log4net: Logger [TestLog] level set to [name="DEBUG",value=30000].
log4net:ERROR XmlHierarchyConfigurator: No appender named [task_appender] could be found.
log4net:ERROR Appender named [task_appender] not found.
log4net: Hierarchy Threshold []</StdOut>
        <StdErr>log4net:ERROR XmlHierarchyConfigurator: No appender named [task_appender] could be found.
log4net:ERROR Appender named [task_appender] not found.</StdErr>
      </Output>
    </UnitTestResult>
    <UnitTestResult executionId="7b4eb340-3856-4405-81d2-e97d7f100719" testId="5bd3c821-0cad-55fc-1225-ca7a39fc48c5" testName="RegisterSuccessfully" computerName="ETU-HP" duration="00:00:48.8179662" startTime="2018-05-19T23:49:18.2025417+10:00" endTime="2018-05-19T23:50:07.0273344+10:00" testType="13cdc9d9-ddb5-4fa4-a97d-d965ccfc6d4b" outcome="Passed" testListId="8c84fa94-04c1-424b-9868-57a2d4851a1d" relativeResultsDirectory="7b4eb340-3856-4405-81d2-e97d7f100719">
      <Output>
        <StdOut>Given I navigate to the registration page
-&gt; done: Steps.GivenINavigateToRegistrationPage() (5.9s)
And I enter my details
-&gt; done: Steps.GivenIEnterMyDetails() (11.7s)
When I press register button
-&gt; done: Steps.WhenIPressRegister() (6.3s)
Then my registration should be successful
-&gt; done: Steps.ThenRegistrationSuccess() (2.3s)
And I should be logged in
-&gt; done: Steps.ThenShouldBeLoggedIn() (10.1s)</StdOut>
      </Output>
    </UnitTestResult>
    <UnitTestResult executionId="bdad1fbf-606d-4ddd-b108-5e5eafdefd23" testId="15b20812-587e-5980-5709-1d28e4a8829b" testName="LoginSuccessfully" computerName="ETU-HP" duration="00:00:35.5002227" startTime="2018-05-19T23:50:07.0283344+10:00" endTime="2018-05-19T23:50:42.5303650+10:00" testType="13cdc9d9-ddb5-4fa4-a97d-d965ccfc6d4b" outcome="Passed" testListId="8c84fa94-04c1-424b-9868-57a2d4851a1d" relativeResultsDirectory="bdad1fbf-606d-4ddd-b108-5e5eafdefd23">
      <Output>
        <StdOut>Given I navigate to the login page
-&gt; done: Steps.GivenINavigateToLoginPage() (5.4s)
And I enter my login details
-&gt; done: Steps.GivenIEnterMyLoginDetails() (4.2s)
When I press login button
-&gt; done: Steps.WhenIPressLogin() (7.9s)
Then I should be logged in
-&gt; done: Steps.ThenShouldBeLoggedIn() (7.2s)</StdOut>
      </Output>
    </UnitTestResult>
  </Results>
  <TestDefinitions>
    <UnitTest name="VerifyPublicAPI" storage="c:\users\etu_2\desktop\automation\automationtest\selenium.tests\bin\debug\selenium.tests.dll" id="cd48555f-d05a-bcf5-3ed3-3acd27b75759">
      <Execution id="dc51a386-9827-4c6d-901d-5405c9aa07c9" />
      <TestMethod codeBase="C:\Users\ETU_2\Desktop\Automation\AutomationTest\Selenium.Tests\bin\Debug\Selenium.Tests.dll" adapterTypeName="Microsoft.VisualStudio.TestTools.TestTypes.Unit.UnitTestAdapter" className="Selenium.Tests.Features.APIFeature" name="VerifyPublicAPI" />
    </UnitTest>
    <UnitTest name="RegisterSuccessfully" storage="c:\users\etu_2\desktop\automation\automationtest\selenium.tests\bin\debug\selenium.tests.dll" id="5bd3c821-0cad-55fc-1225-ca7a39fc48c5">
      <Execution id="7b4eb340-3856-4405-81d2-e97d7f100719" />
      <TestMethod codeBase="C:\Users\ETU_2\Desktop\Automation\AutomationTest\Selenium.Tests\bin\Debug\Selenium.Tests.dll" adapterTypeName="Microsoft.VisualStudio.TestTools.TestTypes.Unit.UnitTestAdapter" className="Selenium.Tests.Features.RegisterLoginFeature" name="RegisterSuccessfully" />
    </UnitTest>
    <UnitTest name="LoginSuccessfully" storage="c:\users\etu_2\desktop\automation\automationtest\selenium.tests\bin\debug\selenium.tests.dll" id="15b20812-587e-5980-5709-1d28e4a8829b">
      <Execution id="bdad1fbf-606d-4ddd-b108-5e5eafdefd23" />
      <TestMethod codeBase="C:\Users\ETU_2\Desktop\Automation\AutomationTest\Selenium.Tests\bin\Debug\Selenium.Tests.dll" adapterTypeName="Microsoft.VisualStudio.TestTools.TestTypes.Unit.UnitTestAdapter" className="Selenium.Tests.Features.RegisterLoginFeature" name="LoginSuccessfully" />
    </UnitTest>
  </TestDefinitions>
  <TestEntries>
    <TestEntry testId="cd48555f-d05a-bcf5-3ed3-3acd27b75759" executionId="dc51a386-9827-4c6d-901d-5405c9aa07c9" testListId="8c84fa94-04c1-424b-9868-57a2d4851a1d" />
    <TestEntry testId="5bd3c821-0cad-55fc-1225-ca7a39fc48c5" executionId="7b4eb340-3856-4405-81d2-e97d7f100719" testListId="8c84fa94-04c1-424b-9868-57a2d4851a1d" />
    <TestEntry testId="15b20812-587e-5980-5709-1d28e4a8829b" executionId="bdad1fbf-606d-4ddd-b108-5e5eafdefd23" testListId="8c84fa94-04c1-424b-9868-57a2d4851a1d" />
  </TestEntries>
  <TestLists>
    <TestList name="Results Not in a List" id="8c84fa94-04c1-424b-9868-57a2d4851a1d" />
    <TestList name="All Loaded Results" id="19431567-8539-422a-85d7-44ee4e166bda" />
  </TestLists>
  <ResultSummary outcome="Completed">
    <Counters total="3" executed="3" passed="3" failed="0" error="0" timeout="0" aborted="0" inconclusive="0" passedButRunAborted="0" notRunnable="0" notExecuted="0" disconnected="0" warning="0" completed="0" inProgress="0" pending="0" />
  </ResultSummary>
</TestRun>